<?xml version="1.0" encoding="UTF-8"?>
<!-- Generated by org.testng.reporters.JUnitReportReporter -->
<testsuite skipped="0" hostname="Digisol" name="practice_package.DemoAnnotation" tests="2" failures="0" timestamp="2023-01-09T15:14:49 IST" time="0.016" errors="0">
  <testcase name="manageTicket" time="0.011" classname="practice_package.DemoAnnotation"/>
  <system-out>
    <![CDATA[manage ticket]]>
  </system-out>
  <testcase name="addAnimals" time="0.005" classname="practice_package.DemoAnnotation"/>
  <system-out>
    <![CDATA[add animals]]>
  </system-out>
</testsuite> <!-- practice_package.DemoAnnotation -->
