<?xml version="1.0" encoding="UTF-8"?>
<!-- Generated by org.testng.reporters.JUnitReportReporter -->
<testsuite skipped="0" hostname="Digisol" name="ForeignerTicketTest.DeleteForeignTicketTest" tests="1" failures="0" timestamp="2023-01-10T10:45:11 IST" time="18.679" errors="0">
  <testcase name="deleteForeignerTicket" time="18.679" classname="ForeignerTicketTest.DeleteForeignTicketTest"/>
  <system-out/>
</testsuite> <!-- ForeignerTicketTest.DeleteForeignTicketTest -->
