<?xml version="1.0" encoding="UTF-8"?>
<!-- Generated by org.testng.reporters.JUnitReportReporter -->
<testsuite skipped="0" hostname="Digisol" name="com.practiceWeb_package.DemoRun2" tests="1" failures="0" timestamp="2023-01-12T23:34:14 IST" time="53.115" errors="0">
  <testcase name="run2" time="53.115" classname="com.practiceWeb_package.DemoRun2"/>
  <system-out/>
</testsuite> <!-- com.practiceWeb_package.DemoRun2 -->
