<?xml version="1.0" encoding="UTF-8"?>
<!-- Generated by org.testng.reporters.JUnitReportReporter -->
<testsuite skipped="0" hostname="Digisol" name="practice_package.DataProviderDemo2" tests="28" failures="0" timestamp="2023-01-09T15:03:02 IST" time="3.877" errors="0">
  <testcase name="writeData" time="0.178" classname="practice_package.DataProviderDemo2"/>
  <system-out/>
  <testcase name="data" time="0.003" classname="practice_package.DataProviderDemo2"/>
  <system-out/>
  <testcase name="data" time="0.001" classname="practice_package.DataProviderDemo2"/>
  <system-out/>
  <testcase name="writeData" time="0.320" classname="practice_package.DataProviderDemo2"/>
  <system-out/>
  <testcase name="writeData" time="0.203" classname="practice_package.DataProviderDemo2"/>
  <system-out/>
  <testcase name="data" time="0.002" classname="practice_package.DataProviderDemo2"/>
  <system-out/>
  <testcase name="data" time="0.002" classname="practice_package.DataProviderDemo2"/>
  <system-out/>
  <testcase name="data" time="0.009" classname="practice_package.DataProviderDemo2"/>
  <system-out/>
  <testcase name="data" time="0.006" classname="practice_package.DataProviderDemo2"/>
  <system-out/>
  <testcase name="data" time="0.002" classname="practice_package.DataProviderDemo2"/>
  <system-out/>
  <testcase name="writeData" time="0.459" classname="practice_package.DataProviderDemo2"/>
  <system-out/>
  <testcase name="writeData" time="0.230" classname="practice_package.DataProviderDemo2"/>
  <system-out/>
  <testcase name="data" time="0.002" classname="practice_package.DataProviderDemo2"/>
  <system-out/>
  <testcase name="data" time="0.002" classname="practice_package.DataProviderDemo2"/>
  <system-out/>
  <testcase name="data" time="0.002" classname="practice_package.DataProviderDemo2"/>
  <system-out/>
  <testcase name="data" time="0.002" classname="practice_package.DataProviderDemo2"/>
  <system-out/>
  <testcase name="writeData" time="0.223" classname="practice_package.DataProviderDemo2"/>
  <system-out/>
  <testcase name="writeData" time="0.529" classname="practice_package.DataProviderDemo2"/>
  <system-out/>
  <testcase name="writeData" time="0.167" classname="practice_package.DataProviderDemo2"/>
  <system-out/>
  <testcase name="writeData" time="0.215" classname="practice_package.DataProviderDemo2"/>
  <system-out/>
  <testcase name="writeData" time="0.279" classname="practice_package.DataProviderDemo2"/>
  <system-out/>
  <testcase name="writeData" time="0.215" classname="practice_package.DataProviderDemo2"/>
  <system-out/>
  <testcase name="writeData" time="0.230" classname="practice_package.DataProviderDemo2"/>
  <system-out/>
  <testcase name="data" time="0.002" classname="practice_package.DataProviderDemo2"/>
  <system-out/>
  <testcase name="data" time="0.006" classname="practice_package.DataProviderDemo2"/>
  <system-out/>
  <testcase name="data" time="0.004" classname="practice_package.DataProviderDemo2"/>
  <system-out/>
  <testcase name="writeData" time="0.369" classname="practice_package.DataProviderDemo2"/>
  <system-out/>
  <testcase name="writeData" time="0.215" classname="practice_package.DataProviderDemo2"/>
  <system-out/>
</testsuite> <!-- practice_package.DataProviderDemo2 -->
