<?xml version="1.0" encoding="UTF-8"?>
<!-- Generated by org.testng.reporters.JUnitReportReporter -->
<testsuite skipped="0" hostname="Digisol" name="practice_package.TestNgDemo" tests="3" failures="0" timestamp="2023-01-06T12:53:31 IST" time="0.034" errors="0">
  <testcase name="login" time="0.026" classname="practice_package.TestNgDemo"/>
  <system-out>
    <![CDATA[login]]>
  </system-out>
  <testcase name="create" time="0.005" classname="practice_package.TestNgDemo"/>
  <system-out>
    <![CDATA[Create]]>
  </system-out>
  <testcase name="delete" time="0.003" classname="practice_package.TestNgDemo"/>
  <system-out>
    <![CDATA[delete]]>
  </system-out>
</testsuite> <!-- practice_package.TestNgDemo -->
