<?xml version="1.0" encoding="UTF-8"?>
<!-- Generated by org.testng.reporters.JUnitReportReporter -->
<testsuite skipped="0" hostname="Digisol" name="ManageTypeTicketTest.ManageTypeTicketTest" tests="1" failures="0" timestamp="2023-01-13T10:13:05 IST" time="20.934" errors="0">
  <testcase name="manageTicket" time="20.934" classname="ManageTypeTicketTest.ManageTypeTicketTest"/>
  <system-out>
    <![CDATA[manageTicket-----> Testscript execution started
manageTicket----->Testscript execution successful]]>
  </system-out>
</testsuite> <!-- ManageTypeTicketTest.ManageTypeTicketTest -->
