<?xml version="1.0" encoding="UTF-8"?>
<!-- Generated by org.testng.reporters.JUnitReportReporter -->
<testsuite skipped="0" hostname="Digisol" name="practice_package.DataProviderDemo" tests="3" failures="0" timestamp="2023-01-06T17:31:24 IST" time="0.016" errors="0">
  <testcase name="travel" time="0.000" classname="practice_package.DataProviderDemo"/>
  <system-out/>
  <testcase name="travel" time="0.016" classname="practice_package.DataProviderDemo"/>
  <system-out/>
  <testcase name="travel" time="0.000" classname="practice_package.DataProviderDemo"/>
  <system-out/>
</testsuite> <!-- practice_package.DataProviderDemo -->
