<?xml version="1.0" encoding="UTF-8"?>
<!-- Generated by org.testng.reporters.JUnitReportReporter -->
<testsuite skipped="0" hostname="Digisol" name="practice_package.DummyTest" tests="1" failures="0" timestamp="2023-01-11T12:35:55 IST" time="15.199" errors="0">
  <testcase name="login" time="15.199" classname="practice_package.DummyTest"/>
  <system-out/>
</testsuite> <!-- practice_package.DummyTest -->
