<?xml version="1.0" encoding="UTF-8"?>
<!-- Generated by org.testng.reporters.JUnitReportReporter -->
<testsuite skipped="0" hostname="Digisol" name="searchTest.SearchNormalTicketTest" tests="1" failures="0" timestamp="2023-01-11T16:57:31 IST" time="17.286" errors="0">
  <testcase name="searchNormalTicketTest" time="17.286" classname="searchTest.SearchNormalTicketTest"/>
  <system-out/>
</testsuite> <!-- searchTest.SearchNormalTicketTest -->
