<?xml version="1.0" encoding="UTF-8"?>
<!-- Generated by org.testng.reporters.JUnitReportReporter -->
<testsuite skipped="0" hostname="Digisol" name="practice_package.DemoTestNGTest1" tests="1" failures="0" timestamp="2023-01-12T21:13:35 IST" time="40.554" errors="0">
  <testcase name="m1" time="40.554" classname="practice_package.DemoTestNGTest1"/>
  <system-out/>
</testsuite> <!-- practice_package.DemoTestNGTest1 -->
