<?xml version="1.0" encoding="UTF-8"?>
<!-- Generated by org.testng.reporters.JUnitReportReporter -->
<testsuite skipped="0" hostname="Digisol" name="ForeignerTicketTest.ManageForeignTicketTest" tests="1" failures="0" timestamp="2023-01-10T12:43:38 IST" time="25.462" errors="0">
  <testcase name="manageForeignTicket" time="25.462" classname="ForeignerTicketTest.ManageForeignTicketTest"/>
  <system-out/>
</testsuite> <!-- ForeignerTicketTest.ManageForeignTicketTest -->
