<?xml version="1.0" encoding="UTF-8"?>
<!-- Generated by org.testng.reporters.JUnitReportReporter -->
<testsuite skipped="0" hostname="Digisol" name="ForeignerTicketTest.AddForeignTicketTest" tests="1" failures="0" timestamp="2023-01-10T10:29:35 IST" time="16.144" errors="0">
  <testcase name="addForeignTicket" time="16.144" classname="ForeignerTicketTest.AddForeignTicketTest"/>
  <system-out/>
</testsuite> <!-- ForeignerTicketTest.AddForeignTicketTest -->
